[2017-12-12 19:24:10]--[src_cgi/login_cgi.c:288]--buf = {
    "pwd": "9d5e3ecdeb4cdb7acfd63075ae046672",
    "user": "kevin"
}

[2017-12-12 19:24:10]--[src_cgi/login_cgi.c:294]--user = kevin, pwd = 9d5e3ecdeb4cdb7acfd63075ae046672
[2017-12-12 19:24:10]--[src_cgi/login_cgi.c:101]--mysql_user = root, mysql_pwd = root, mysql_db = cloud_disk
[2017-12-12 19:24:10]--[src_cgi/login_cgi.c:161]--redis:[ip=127.0.0.1,port=6379]
[2017-12-12 19:24:10]--[src_cgi/login_cgi.c:185]--tmp = kevin4277426415
[2017-12-12 19:24:10]--[src_cgi/login_cgi.c:201]--base64 = uEnwidKXMVxinesC8m3ymg==
[2017-12-12 19:24:10]--[src_cgi/login_cgi.c:303]--token = 69962dfadc540bb5a14812fd6bc7b77b
[2017-12-12 19:29:49]--[src_cgi/login_cgi.c:288]--buf = {
    "pwd": "9d5e3ecdeb4cdb7acfd63075ae046672",
    "user": "kevin"
}

[2017-12-12 19:29:49]--[src_cgi/login_cgi.c:294]--user = kevin, pwd = 9d5e3ecdeb4cdb7acfd63075ae046672
[2017-12-12 19:29:49]--[src_cgi/login_cgi.c:101]--mysql_user = root, mysql_pwd = root, mysql_db = cloud_disk
[2017-12-12 19:29:49]--[src_cgi/login_cgi.c:161]--redis:[ip=127.0.0.1,port=6379]
[2017-12-12 19:29:49]--[src_cgi/login_cgi.c:185]--tmp = kevin286442751252
[2017-12-12 19:29:49]--[src_cgi/login_cgi.c:201]--base64 = fci42CZhDd0TeQHIgA1d1Xj7pjZQFtzO
[2017-12-12 19:29:49]--[src_cgi/login_cgi.c:303]--token = fd0b347a9a4a08e339579c1d0e8bb1fd
[2017-12-12 23:26:19]--[src_cgi/login_cgi.c:288]--buf = {
    "pwd": "e10adc3949ba59abbe56e057f20f883e",
    "user": "kevin"
}

[2017-12-12 23:26:19]--[src_cgi/login_cgi.c:294]--user = kevin, pwd = e10adc3949ba59abbe56e057f20f883e
[2017-12-12 23:26:19]--[src_cgi/login_cgi.c:101]--mysql_user = root, mysql_pwd = root, mysql_db = cloud_disk
[2017-12-12 23:26:25]--[src_cgi/login_cgi.c:288]--buf = {
    "pwd": "9d5e3ecdeb4cdb7acfd63075ae046672",
    "user": "kevin"
}

[2017-12-12 23:26:25]--[src_cgi/login_cgi.c:294]--user = kevin, pwd = 9d5e3ecdeb4cdb7acfd63075ae046672
[2017-12-12 23:26:25]--[src_cgi/login_cgi.c:101]--mysql_user = root, mysql_pwd = root, mysql_db = cloud_disk
[2017-12-12 23:26:25]--[src_cgi/login_cgi.c:161]--redis:[ip=127.0.0.1,port=6379]
[2017-12-12 23:26:25]--[src_cgi/login_cgi.c:185]--tmp = kevin614649131206
[2017-12-12 23:26:25]--[src_cgi/login_cgi.c:201]--base64 = hJhwMEu2RZofNkg6gcrQxuwb1egIr+tu
[2017-12-12 23:26:25]--[src_cgi/login_cgi.c:303]--token = 7eac1fa16165864c6f8c1b9ea4b32c6f
[2017-12-12 23:26:46]--[src_cgi/login_cgi.c:288]--buf = {
    "pwd": "9d5e3ecdeb4cdb7acfd63075ae046672",
    "user": "kevin"
}

[2017-12-12 23:26:46]--[src_cgi/login_cgi.c:294]--user = kevin, pwd = 9d5e3ecdeb4cdb7acfd63075ae046672
[2017-12-12 23:26:46]--[src_cgi/login_cgi.c:101]--mysql_user = root, mysql_pwd = root, mysql_db = cloud_disk
[2017-12-12 23:26:46]--[src_cgi/login_cgi.c:161]--redis:[ip=127.0.0.1,port=6379]
[2017-12-12 23:26:46]--[src_cgi/login_cgi.c:185]--tmp = kevin232346997120
[2017-12-12 23:26:46]--[src_cgi/login_cgi.c:201]--base64 = BVgC4/ECCScG7pbphsBv1bN71Jkkp7xg
[2017-12-12 23:26:46]--[src_cgi/login_cgi.c:303]--token = d139882ef00b891a979bf26aef0621f3
