[2017-12-12 19:19:59]--[src_cgi/myfiles_cgi.c:496]--cmd = count
[2017-12-12 19:19:59]--[src_cgi/myfiles_cgi.c:528]--buf = {
    "token": "6214179e1470bf0214fb473f331c7464",
    "user": "kevin"
}

[2017-12-12 19:19:59]--[src_cgi/myfiles_cgi.c:176]--line = 8
[2017-12-12 19:19:59]--[src_cgi/myfiles_cgi.c:496]--cmd = normal
[2017-12-12 19:19:59]--[src_cgi/myfiles_cgi.c:528]--buf = {
    "count": 8,
    "start": 0,
    "token": "6214179e1470bf0214fb473f331c7464",
    "user": "kevin"
}

[2017-12-12 19:19:59]--[src_cgi/myfiles_cgi.c:548]--user = kevin, token = 6214179e1470bf0214fb473f331c7464, start = 0, count = 8
[2017-12-12 19:19:59]--[src_cgi/myfiles_cgi.c:306]--select user_file_list.*, file_info.url, file_info.size, file_info.type from file_info, user_file_list where user = 'kevin' and file_info.md5 = user_file_list.md5 limit 0, 8 在操作
[2017-12-12 19:19:59]--[src_cgi/myfiles_cgi.c:428]--{
	"files":	[{
			"user":	"kevin",
			"md5":	"076e3caed758a1c18c91a0e9cae3368f",
			"time":	"2017-12-12 18:57:31",
			"filename":	"Chrysanthemum.jpg",
			"share_status":	0,
			"pv":	0,
			"url":	"http://192.168.1.222:80/group1/M00/00/00/wKgB3lowlxuATcxkAA1rIuRd3Es445.jpg",
			"size":	879394,
			"type":	"jpg"
		}, {
			"user":	"kevin",
			"md5":	"ba45c8f60456a672e003a875e469d0eb",
			"time":	"2017-12-12 18:57:32",
			"filename":	"Desert.jpg",
			"share_status":	0,
			"pv":	1,
			"url":	"http://192.168.1.222:80/group1/M00/00/00/wKgB3lowlxyAB_KpAAzodQCbVVc466.jpg",
			"size":	845941,
			"type":	"jpg"
		}, {
			"user":	"kevin",
			"md5":	"bdf3bf1da3405725be763540d6601144",
			"time":	"2017-12-12 18:57:33",
			"filename":	"Hydrangeas.jpg",
			"share_status":	0,
			"pv":	0,
			"url":	"http://192.168.1.222:80/group1/M00/00/00/wKgB3lowlx2AfhwOAAkVVGMybN8558.jpg",
			"size":	595284,
			"type":	"jpg"
		}, {
			"user":	"kevin",
			"md5":	"5a44c7ba5bbe4ec867233d67e4806848",
			"time":	"2017-12-12 18:57:35",
			"filename":	"Jellyfish.jpg",
			"share_status":	0,
			"pv":	0,
			"url":	"http://192.168.1.222:80/group1/M00/00/00/wKgB3lowlx-APXTFAAvWFkcZHjA572.jpg",
			"size":	775702,
			"type":	"jpg"
		}, {
			"user":	"kevin",
			"md5":	"2b04df3ecc1d94afddff082d139c6f15",
			"time":	"2017-12-12 18:57:36",
			"filename":	"Koala.jpg",
			"share_status":	0,
			"pv":	0,
			"url":	"http://192.168.1.222:80/group1/M00/00/00/wKgB3lowlyCAeSk_AAvqH_kipG8570.jpg",
			"size":	780831,
			"type":	"jpg"
		}, {
			"user":	"kevin",
			"md5":	"8969288f4245120e7c3870287cce0ff3",
			"time":	"2017-12-12 18:57:37",
			"filename":	"Lighthouse.jpg",
			"share_status":	0,
			"pv":	0,
			"url":	"http://192.168.1.222:80/group1/M00/00/00/wKgB3lowlyGAeYkbAAiQfKHDaaQ272.jpg",
			"size":	561276,
			"type":	"jpg"
		}, {
			"user":	"kevin",
			"md5":	"9d377b10ce778c4938b3c7e2c63a229a",
			"time":	"2017-12-12 18:57:38",
			"filename":	"Penguins.jpg",
			"share_status":	0,
			"pv":	0,
			"url":	"http://192.168.1.222:80/group1/M00/00/00/wKgB3lowlyKAbMirAAvea_OGt2M382.jpg",
			"size":	777835,
			"type":	"jpg"
		}, {
			"user":	"kevin",
			"md5":	"fafa5efeaf3cbe3b23b2748d13e629a1",
			"time":	"2017-12-12 18:57:39",
			"filename":	"Tulips.jpg",
			"share_status":	0,
			"pv":	0,
			"url":	"http://192.168.1.222:80/group1/M00/00/00/wKgB3lowlyOAXTUPAAl5WLU-YRY260.jpg",
			"size":	620888,
			"type":	"jpg"
		}]
}
[2017-12-12 19:20:11]--[src_cgi/myfiles_cgi.c:496]--cmd = count
[2017-12-12 19:20:11]--[src_cgi/myfiles_cgi.c:528]--buf = {
    "token": "6214179e1470bf0214fb473f331c7464",
    "user": "kevin"
}

[2017-12-12 19:20:11]--[src_cgi/myfiles_cgi.c:176]--line = 9
[2017-12-12 19:20:11]--[src_cgi/myfiles_cgi.c:496]--cmd = normal
[2017-12-12 19:20:11]--[src_cgi/myfiles_cgi.c:528]--buf = {
    "count": 9,
    "start": 0,
    "token": "6214179e1470bf0214fb473f331c7464",
    "user": "kevin"
}

[2017-12-12 19:20:11]--[src_cgi/myfiles_cgi.c:548]--user = kevin, token = 6214179e1470bf0214fb473f331c7464, start = 0, count = 9
[2017-12-12 19:20:11]--[src_cgi/myfiles_cgi.c:306]--select user_file_list.*, file_info.url, file_info.size, file_info.type from file_info, user_file_list where user = 'kevin' and file_info.md5 = user_file_list.md5 limit 0, 9 在操作
[2017-12-12 19:20:11]--[src_cgi/myfiles_cgi.c:428]--{
	"files":	[{
			"user":	"kevin",
			"md5":	"076e3caed758a1c18c91a0e9cae3368f",
			"time":	"2017-12-12 18:57:31",
			"filename":	"Chrysanthemum.jpg",
			"share_status":	0,
			"pv":	0,
			"url":	"http://192.168.1.222:80/group1/M00/00/00/wKgB3lowlxuATcxkAA1rIuRd3Es445.jpg",
			"size":	879394,
			"type":	"jpg"
		}, {
			"user":	"kevin",
			"md5":	"ba45c8f60456a672e003a875e469d0eb",
			"time":	"2017-12-12 18:57:32",
			"filename":	"Desert.jpg",
			"share_status":	0,
			"pv":	1,
			"url":	"http://192.168.1.222:80/group1/M00/00/00/wKgB3lowlxyAB_KpAAzodQCbVVc466.jpg",
			"size":	845941,
			"type":	"jpg"
		}, {
			"user":	"kevin",
			"md5":	"bdf3bf1da3405725be763540d6601144",
			"time":	"2017-12-12 18:57:33",
			"filename":	"Hydrangeas.jpg",
			"share_status":	0,
			"pv":	0,
			"url":	"http://192.168.1.222:80/group1/M00/00/00/wKgB3lowlx2AfhwOAAkVVGMybN8558.jpg",
			"size":	595284,
			"type":	"jpg"
		}, {
			"user":	"kevin",
			"md5":	"5a44c7ba5bbe4ec867233d67e4806848",
			"time":	"2017-12-12 18:57:35",
			"filename":	"Jellyfish.jpg",
			"share_status":	0,
			"pv":	0,
			"url":	"http://192.168.1.222:80/group1/M00/00/00/wKgB3lowlx-APXTFAAvWFkcZHjA572.jpg",
			"size":	775702,
			"type":	"jpg"
		}, {
			"user":	"kevin",
			"md5":	"2b04df3ecc1d94afddff082d139c6f15",
			"time":	"2017-12-12 18:57:36",
			"filename":	"Koala.jpg",
			"share_status":	0,
			"pv":	0,
			"url":	"http://192.168.1.222:80/group1/M00/00/00/wKgB3lowlyCAeSk_AAvqH_kipG8570.jpg",
			"size":	780831,
			"type":	"jpg"
		}, {
			"user":	"kevin",
			"md5":	"8969288f4245120e7c3870287cce0ff3",
			"time":	"2017-12-12 18:57:37",
			"filename":	"Lighthouse.jpg",
			"share_status":	0,
			"pv":	0,
			"url":	"http://192.168.1.222:80/group1/M00/00/00/wKgB3lowlyGAeYkbAAiQfKHDaaQ272.jpg",
			"size":	561276,
			"type":	"jpg"
		}, {
			"user":	"kevin",
			"md5":	"9d377b10ce778c4938b3c7e2c63a229a",
			"time":	"2017-12-12 18:57:38",
			"filename":	"Penguins.jpg",
			"share_status":	0,
			"pv":	0,
			"url":	"http://192.168.1.222:80/group1/M00/00/00/wKgB3lowlyKAbMirAAvea_OGt2M382.jpg",
			"size":	777835,
			"type":	"jpg"
		}, {
			"user":	"kevin",
			"md5":	"fafa5efeaf3cbe3b23b2748d13e629a1",
			"time":	"2017-12-12 18:57:39",
			"filename":	"Tulips.jpg",
			"share_status":	0,
			"pv":	0,
			"url":	"http://192.168.1.222:80/group1/M00/00/00/wKgB3lowlyOAXTUPAAl5WLU-YRY260.jpg",
			"size":	620888,
			"type":	"jpg"
		}, {
			"user":	"kevin",
			"md5":	"474924f9c5cef34b3b928dec8b8b91d1",
			"time":	"2017-12-12 19:20:07",
			"filename":	"YunDisk.exe",
			"share_status":	0,
			"pv":	0,
			"url":	"http://192.168.1.222:80/group1/M00/00/00/wKgB3lownGeAC3GRAA90AAWFpjM762.exe",
			"size":	1012736,
			"type":	"exe"
		}]
}
[2017-12-12 19:24:10]--[src_cgi/myfiles_cgi.c:496]--cmd = count
[2017-12-12 19:24:10]--[src_cgi/myfiles_cgi.c:528]--buf = {
    "token": "69962dfadc540bb5a14812fd6bc7b77b",
    "user": "kevin"
}

[2017-12-12 19:24:10]--[src_cgi/myfiles_cgi.c:176]--line = 9
[2017-12-12 19:24:10]--[src_cgi/myfiles_cgi.c:496]--cmd = normal
[2017-12-12 19:24:10]--[src_cgi/myfiles_cgi.c:528]--buf = {
    "count": 9,
    "start": 0,
    "token": "69962dfadc540bb5a14812fd6bc7b77b",
    "user": "kevin"
}

[2017-12-12 19:24:10]--[src_cgi/myfiles_cgi.c:548]--user = kevin, token = 69962dfadc540bb5a14812fd6bc7b77b, start = 0, count = 9
[2017-12-12 19:24:10]--[src_cgi/myfiles_cgi.c:306]--select user_file_list.*, file_info.url, file_info.size, file_info.type from file_info, user_file_list where user = 'kevin' and file_info.md5 = user_file_list.md5 limit 0, 9 在操作
[2017-12-12 19:24:10]--[src_cgi/myfiles_cgi.c:428]--{
	"files":	[{
			"user":	"kevin",
			"md5":	"076e3caed758a1c18c91a0e9cae3368f",
			"time":	"2017-12-12 18:57:31",
			"filename":	"Chrysanthemum.jpg",
			"share_status":	0,
			"pv":	0,
			"url":	"http://192.168.1.222:80/group1/M00/00/00/wKgB3lowlxuATcxkAA1rIuRd3Es445.jpg",
			"size":	879394,
			"type":	"jpg"
		}, {
			"user":	"kevin",
			"md5":	"ba45c8f60456a672e003a875e469d0eb",
			"time":	"2017-12-12 18:57:32",
			"filename":	"Desert.jpg",
			"share_status":	0,
			"pv":	1,
			"url":	"http://192.168.1.222:80/group1/M00/00/00/wKgB3lowlxyAB_KpAAzodQCbVVc466.jpg",
			"size":	845941,
			"type":	"jpg"
		}, {
			"user":	"kevin",
			"md5":	"bdf3bf1da3405725be763540d6601144",
			"time":	"2017-12-12 18:57:33",
			"filename":	"Hydrangeas.jpg",
			"share_status":	0,
			"pv":	0,
			"url":	"http://192.168.1.222:80/group1/M00/00/00/wKgB3lowlx2AfhwOAAkVVGMybN8558.jpg",
			"size":	595284,
			"type":	"jpg"
		}, {
			"user":	"kevin",
			"md5":	"5a44c7ba5bbe4ec867233d67e4806848",
			"time":	"2017-12-12 18:57:35",
			"filename":	"Jellyfish.jpg",
			"share_status":	0,
			"pv":	0,
			"url":	"http://192.168.1.222:80/group1/M00/00/00/wKgB3lowlx-APXTFAAvWFkcZHjA572.jpg",
			"size":	775702,
			"type":	"jpg"
		}, {
			"user":	"kevin",
			"md5":	"2b04df3ecc1d94afddff082d139c6f15",
			"time":	"2017-12-12 18:57:36",
			"filename":	"Koala.jpg",
			"share_status":	0,
			"pv":	0,
			"url":	"http://192.168.1.222:80/group1/M00/00/00/wKgB3lowlyCAeSk_AAvqH_kipG8570.jpg",
			"size":	780831,
			"type":	"jpg"
		}, {
			"user":	"kevin",
			"md5":	"8969288f4245120e7c3870287cce0ff3",
			"time":	"2017-12-12 18:57:37",
			"filename":	"Lighthouse.jpg",
			"share_status":	0,
			"pv":	0,
			"url":	"http://192.168.1.222:80/group1/M00/00/00/wKgB3lowlyGAeYkbAAiQfKHDaaQ272.jpg",
			"size":	561276,
			"type":	"jpg"
		}, {
			"user":	"kevin",
			"md5":	"9d377b10ce778c4938b3c7e2c63a229a",
			"time":	"2017-12-12 18:57:38",
			"filename":	"Penguins.jpg",
			"share_status":	0,
			"pv":	0,
			"url":	"http://192.168.1.222:80/group1/M00/00/00/wKgB3lowlyKAbMirAAvea_OGt2M382.jpg",
			"size":	777835,
			"type":	"jpg"
		}, {
			"user":	"kevin",
			"md5":	"fafa5efeaf3cbe3b23b2748d13e629a1",
			"time":	"2017-12-12 18:57:39",
			"filename":	"Tulips.jpg",
			"share_status":	0,
			"pv":	0,
			"url":	"http://192.168.1.222:80/group1/M00/00/00/wKgB3lowlyOAXTUPAAl5WLU-YRY260.jpg",
			"size":	620888,
			"type":	"jpg"
		}, {
			"user":	"kevin",
			"md5":	"474924f9c5cef34b3b928dec8b8b91d1",
			"time":	"2017-12-12 19:20:07",
			"filename":	"YunDisk.exe",
			"share_status":	0,
			"pv":	0,
			"url":	"http://192.168.1.222:80/group1/M00/00/00/wKgB3lownGeAC3GRAA90AAWFpjM762.exe",
			"size":	1012736,
			"type":	"exe"
		}]
}
[2017-12-12 19:29:49]--[src_cgi/myfiles_cgi.c:496]--cmd = count
[2017-12-12 19:29:49]--[src_cgi/myfiles_cgi.c:528]--buf = {
    "token": "fd0b347a9a4a08e339579c1d0e8bb1fd",
    "user": "kevin"
}

[2017-12-12 19:29:49]--[src_cgi/myfiles_cgi.c:176]--line = 9
[2017-12-12 19:29:49]--[src_cgi/myfiles_cgi.c:496]--cmd = normal
[2017-12-12 19:29:49]--[src_cgi/myfiles_cgi.c:528]--buf = {
    "count": 9,
    "start": 0,
    "token": "fd0b347a9a4a08e339579c1d0e8bb1fd",
    "user": "kevin"
}

[2017-12-12 19:29:49]--[src_cgi/myfiles_cgi.c:548]--user = kevin, token = fd0b347a9a4a08e339579c1d0e8bb1fd, start = 0, count = 9
[2017-12-12 19:29:49]--[src_cgi/myfiles_cgi.c:306]--select user_file_list.*, file_info.url, file_info.size, file_info.type from file_info, user_file_list where user = 'kevin' and file_info.md5 = user_file_list.md5 limit 0, 9 在操作
[2017-12-12 19:29:49]--[src_cgi/myfiles_cgi.c:428]--{
	"files":	[{
			"user":	"kevin",
			"md5":	"076e3caed758a1c18c91a0e9cae3368f",
			"time":	"2017-12-12 18:57:31",
			"filename":	"Chrysanthemum.jpg",
			"share_status":	0,
			"pv":	0,
			"url":	"http://192.168.1.222:80/group1/M00/00/00/wKgB3lowlxuATcxkAA1rIuRd3Es445.jpg",
			"size":	879394,
			"type":	"jpg"
		}, {
			"user":	"kevin",
			"md5":	"ba45c8f60456a672e003a875e469d0eb",
			"time":	"2017-12-12 18:57:32",
			"filename":	"Desert.jpg",
			"share_status":	0,
			"pv":	1,
			"url":	"http://192.168.1.222:80/group1/M00/00/00/wKgB3lowlxyAB_KpAAzodQCbVVc466.jpg",
			"size":	845941,
			"type":	"jpg"
		}, {
			"user":	"kevin",
			"md5":	"bdf3bf1da3405725be763540d6601144",
			"time":	"2017-12-12 18:57:33",
			"filename":	"Hydrangeas.jpg",
			"share_status":	0,
			"pv":	0,
			"url":	"http://192.168.1.222:80/group1/M00/00/00/wKgB3lowlx2AfhwOAAkVVGMybN8558.jpg",
			"size":	595284,
			"type":	"jpg"
		}, {
			"user":	"kevin",
			"md5":	"5a44c7ba5bbe4ec867233d67e4806848",
			"time":	"2017-12-12 18:57:35",
			"filename":	"Jellyfish.jpg",
			"share_status":	0,
			"pv":	0,
			"url":	"http://192.168.1.222:80/group1/M00/00/00/wKgB3lowlx-APXTFAAvWFkcZHjA572.jpg",
			"size":	775702,
			"type":	"jpg"
		}, {
			"user":	"kevin",
			"md5":	"2b04df3ecc1d94afddff082d139c6f15",
			"time":	"2017-12-12 18:57:36",
			"filename":	"Koala.jpg",
			"share_status":	0,
			"pv":	0,
			"url":	"http://192.168.1.222:80/group1/M00/00/00/wKgB3lowlyCAeSk_AAvqH_kipG8570.jpg",
			"size":	780831,
			"type":	"jpg"
		}, {
			"user":	"kevin",
			"md5":	"8969288f4245120e7c3870287cce0ff3",
			"time":	"2017-12-12 18:57:37",
			"filename":	"Lighthouse.jpg",
			"share_status":	0,
			"pv":	0,
			"url":	"http://192.168.1.222:80/group1/M00/00/00/wKgB3lowlyGAeYkbAAiQfKHDaaQ272.jpg",
			"size":	561276,
			"type":	"jpg"
		}, {
			"user":	"kevin",
			"md5":	"9d377b10ce778c4938b3c7e2c63a229a",
			"time":	"2017-12-12 18:57:38",
			"filename":	"Penguins.jpg",
			"share_status":	0,
			"pv":	0,
			"url":	"http://192.168.1.222:80/group1/M00/00/00/wKgB3lowlyKAbMirAAvea_OGt2M382.jpg",
			"size":	777835,
			"type":	"jpg"
		}, {
			"user":	"kevin",
			"md5":	"fafa5efeaf3cbe3b23b2748d13e629a1",
			"time":	"2017-12-12 18:57:39",
			"filename":	"Tulips.jpg",
			"share_status":	0,
			"pv":	0,
			"url":	"http://192.168.1.222:80/group1/M00/00/00/wKgB3lowlyOAXTUPAAl5WLU-YRY260.jpg",
			"size":	620888,
			"type":	"jpg"
		}, {
			"user":	"kevin",
			"md5":	"474924f9c5cef34b3b928dec8b8b91d1",
			"time":	"2017-12-12 19:20:07",
			"filename":	"YunDisk.exe",
			"share_status":	0,
			"pv":	0,
			"url":	"http://192.168.1.222:80/group1/M00/00/00/wKgB3lownGeAC3GRAA90AAWFpjM762.exe",
			"size":	1012736,
			"type":	"exe"
		}]
}
[2017-12-12 19:30:08]--[src_cgi/myfiles_cgi.c:496]--cmd = count
[2017-12-12 19:30:08]--[src_cgi/myfiles_cgi.c:528]--buf = {
    "token": "fd0b347a9a4a08e339579c1d0e8bb1fd",
    "user": "kevin"
}

[2017-12-12 19:30:08]--[src_cgi/myfiles_cgi.c:176]--line = 10
[2017-12-12 19:30:08]--[src_cgi/myfiles_cgi.c:496]--cmd = normal
[2017-12-12 19:30:08]--[src_cgi/myfiles_cgi.c:528]--buf = {
    "count": 10,
    "start": 0,
    "token": "fd0b347a9a4a08e339579c1d0e8bb1fd",
    "user": "kevin"
}

[2017-12-12 19:30:08]--[src_cgi/myfiles_cgi.c:548]--user = kevin, token = fd0b347a9a4a08e339579c1d0e8bb1fd, start = 0, count = 10
[2017-12-12 19:30:08]--[src_cgi/myfiles_cgi.c:306]--select user_file_list.*, file_info.url, file_info.size, file_info.type from file_info, user_file_list where user = 'kevin' and file_info.md5 = user_file_list.md5 limit 0, 10 在操作
[2017-12-12 19:30:08]--[src_cgi/myfiles_cgi.c:428]--{
	"files":	[{
			"user":	"kevin",
			"md5":	"076e3caed758a1c18c91a0e9cae3368f",
			"time":	"2017-12-12 18:57:31",
			"filename":	"Chrysanthemum.jpg",
			"share_status":	0,
			"pv":	0,
			"url":	"http://192.168.1.222:80/group1/M00/00/00/wKgB3lowlxuATcxkAA1rIuRd3Es445.jpg",
			"size":	879394,
			"type":	"jpg"
		}, {
			"user":	"kevin",
			"md5":	"ba45c8f60456a672e003a875e469d0eb",
			"time":	"2017-12-12 18:57:32",
			"filename":	"Desert.jpg",
			"share_status":	0,
			"pv":	1,
			"url":	"http://192.168.1.222:80/group1/M00/00/00/wKgB3lowlxyAB_KpAAzodQCbVVc466.jpg",
			"size":	845941,
			"type":	"jpg"
		}, {
			"user":	"kevin",
			"md5":	"bdf3bf1da3405725be763540d6601144",
			"time":	"2017-12-12 18:57:33",
			"filename":	"Hydrangeas.jpg",
			"share_status":	0,
			"pv":	0,
			"url":	"http://192.168.1.222:80/group1/M00/00/00/wKgB3lowlx2AfhwOAAkVVGMybN8558.jpg",
			"size":	595284,
			"type":	"jpg"
		}, {
			"user":	"kevin",
			"md5":	"5a44c7ba5bbe4ec867233d67e4806848",
			"time":	"2017-12-12 18:57:35",
			"filename":	"Jellyfish.jpg",
			"share_status":	0,
			"pv":	0,
			"url":	"http://192.168.1.222:80/group1/M00/00/00/wKgB3lowlx-APXTFAAvWFkcZHjA572.jpg",
			"size":	775702,
			"type":	"jpg"
		}, {
			"user":	"kevin",
			"md5":	"2b04df3ecc1d94afddff082d139c6f15",
			"time":	"2017-12-12 18:57:36",
			"filename":	"Koala.jpg",
			"share_status":	0,
			"pv":	0,
			"url":	"http://192.168.1.222:80/group1/M00/00/00/wKgB3lowlyCAeSk_AAvqH_kipG8570.jpg",
			"size":	780831,
			"type":	"jpg"
		}, {
			"user":	"kevin",
			"md5":	"8969288f4245120e7c3870287cce0ff3",
			"time":	"2017-12-12 18:57:37",
			"filename":	"Lighthouse.jpg",
			"share_status":	0,
			"pv":	0,
			"url":	"http://192.168.1.222:80/group1/M00/00/00/wKgB3lowlyGAeYkbAAiQfKHDaaQ272.jpg",
			"size":	561276,
			"type":	"jpg"
		}, {
			"user":	"kevin",
			"md5":	"9d377b10ce778c4938b3c7e2c63a229a",
			"time":	"2017-12-12 18:57:38",
			"filename":	"Penguins.jpg",
			"share_status":	0,
			"pv":	0,
			"url":	"http://192.168.1.222:80/group1/M00/00/00/wKgB3lowlyKAbMirAAvea_OGt2M382.jpg",
			"size":	777835,
			"type":	"jpg"
		}, {
			"user":	"kevin",
			"md5":	"fafa5efeaf3cbe3b23b2748d13e629a1",
			"time":	"2017-12-12 18:57:39",
			"filename":	"Tulips.jpg",
			"share_status":	0,
			"pv":	0,
			"url":	"http://192.168.1.222:80/group1/M00/00/00/wKgB3lowlyOAXTUPAAl5WLU-YRY260.jpg",
			"size":	620888,
			"type":	"jpg"
		}, {
			"user":	"kevin",
			"md5":	"474924f9c5cef34b3b928dec8b8b91d1",
			"time":	"2017-12-12 19:20:07",
			"filename":	"YunDisk.exe",
			"share_status":	0,
			"pv":	0,
			"url":	"http://192.168.1.222:80/group1/M00/00/00/wKgB3lownGeAC3GRAA90AAWFpjM762.exe",
			"size":	1012736,
			"type":	"exe"
		}, {
			"user":	"kevin",
			"md5":	"373be91530a1a3dc731ce6df7a652639",
			"time":	"2017-12-12 19:30:05",
			"filename":	"07 Shadows.mp4",
			"share_status":	0,
			"pv":	0,
			"url":	"http://192.168.1.222:80/group1/M00/00/00/wKgB3lownryASNUCAdLQcv0GP78365.mp4",
			"size":	30593138,
			"type":	"mp4"
		}]
}
[2017-12-12 23:26:26]--[src_cgi/myfiles_cgi.c:496]--cmd = count
[2017-12-12 23:26:26]--[src_cgi/myfiles_cgi.c:528]--buf = {
    "token": "7eac1fa16165864c6f8c1b9ea4b32c6f",
    "user": "kevin"
}

[2017-12-12 23:26:26]--[src_cgi/myfiles_cgi.c:176]--line = 10
[2017-12-12 23:26:26]--[src_cgi/myfiles_cgi.c:496]--cmd = normal
[2017-12-12 23:26:26]--[src_cgi/myfiles_cgi.c:528]--buf = {
    "count": 10,
    "start": 0,
    "token": "7eac1fa16165864c6f8c1b9ea4b32c6f",
    "user": "kevin"
}

[2017-12-12 23:26:26]--[src_cgi/myfiles_cgi.c:548]--user = kevin, token = 7eac1fa16165864c6f8c1b9ea4b32c6f, start = 0, count = 10
[2017-12-12 23:26:26]--[src_cgi/myfiles_cgi.c:306]--select user_file_list.*, file_info.url, file_info.size, file_info.type from file_info, user_file_list where user = 'kevin' and file_info.md5 = user_file_list.md5 limit 0, 10 在操作
[2017-12-12 23:26:26]--[src_cgi/myfiles_cgi.c:428]--{
	"files":	[{
			"user":	"kevin",
			"md5":	"076e3caed758a1c18c91a0e9cae3368f",
			"time":	"2017-12-12 18:57:31",
			"filename":	"Chrysanthemum.jpg",
			"share_status":	0,
			"pv":	0,
			"url":	"http://192.168.1.222:80/group1/M00/00/00/wKgB3lowlxuATcxkAA1rIuRd3Es445.jpg",
			"size":	879394,
			"type":	"jpg"
		}, {
			"user":	"kevin",
			"md5":	"ba45c8f60456a672e003a875e469d0eb",
			"time":	"2017-12-12 18:57:32",
			"filename":	"Desert.jpg",
			"share_status":	0,
			"pv":	1,
			"url":	"http://192.168.1.222:80/group1/M00/00/00/wKgB3lowlxyAB_KpAAzodQCbVVc466.jpg",
			"size":	845941,
			"type":	"jpg"
		}, {
			"user":	"kevin",
			"md5":	"bdf3bf1da3405725be763540d6601144",
			"time":	"2017-12-12 18:57:33",
			"filename":	"Hydrangeas.jpg",
			"share_status":	0,
			"pv":	0,
			"url":	"http://192.168.1.222:80/group1/M00/00/00/wKgB3lowlx2AfhwOAAkVVGMybN8558.jpg",
			"size":	595284,
			"type":	"jpg"
		}, {
			"user":	"kevin",
			"md5":	"5a44c7ba5bbe4ec867233d67e4806848",
			"time":	"2017-12-12 18:57:35",
			"filename":	"Jellyfish.jpg",
			"share_status":	0,
			"pv":	0,
			"url":	"http://192.168.1.222:80/group1/M00/00/00/wKgB3lowlx-APXTFAAvWFkcZHjA572.jpg",
			"size":	775702,
			"type":	"jpg"
		}, {
			"user":	"kevin",
			"md5":	"2b04df3ecc1d94afddff082d139c6f15",
			"time":	"2017-12-12 18:57:36",
			"filename":	"Koala.jpg",
			"share_status":	0,
			"pv":	0,
			"url":	"http://192.168.1.222:80/group1/M00/00/00/wKgB3lowlyCAeSk_AAvqH_kipG8570.jpg",
			"size":	780831,
			"type":	"jpg"
		}, {
			"user":	"kevin",
			"md5":	"8969288f4245120e7c3870287cce0ff3",
			"time":	"2017-12-12 18:57:37",
			"filename":	"Lighthouse.jpg",
			"share_status":	0,
			"pv":	0,
			"url":	"http://192.168.1.222:80/group1/M00/00/00/wKgB3lowlyGAeYkbAAiQfKHDaaQ272.jpg",
			"size":	561276,
			"type":	"jpg"
		}, {
			"user":	"kevin",
			"md5":	"9d377b10ce778c4938b3c7e2c63a229a",
			"time":	"2017-12-12 18:57:38",
			"filename":	"Penguins.jpg",
			"share_status":	0,
			"pv":	0,
			"url":	"http://192.168.1.222:80/group1/M00/00/00/wKgB3lowlyKAbMirAAvea_OGt2M382.jpg",
			"size":	777835,
			"type":	"jpg"
		}, {
			"user":	"kevin",
			"md5":	"fafa5efeaf3cbe3b23b2748d13e629a1",
			"time":	"2017-12-12 18:57:39",
			"filename":	"Tulips.jpg",
			"share_status":	0,
			"pv":	0,
			"url":	"http://192.168.1.222:80/group1/M00/00/00/wKgB3lowlyOAXTUPAAl5WLU-YRY260.jpg",
			"size":	620888,
			"type":	"jpg"
		}, {
			"user":	"kevin",
			"md5":	"474924f9c5cef34b3b928dec8b8b91d1",
			"time":	"2017-12-12 19:20:07",
			"filename":	"YunDisk.exe",
			"share_status":	0,
			"pv":	0,
			"url":	"http://192.168.1.222:80/group1/M00/00/00/wKgB3lownGeAC3GRAA90AAWFpjM762.exe",
			"size":	1012736,
			"type":	"exe"
		}, {
			"user":	"kevin",
			"md5":	"373be91530a1a3dc731ce6df7a652639",
			"time":	"2017-12-12 19:30:05",
			"filename":	"07 Shadows.mp4",
			"share_status":	0,
			"pv":	1,
			"url":	"http://192.168.1.222:80/group1/M00/00/00/wKgB3lownryASNUCAdLQcv0GP78365.mp4",
			"size":	30593138,
			"type":	"mp4"
		}]
}
[2017-12-12 23:26:46]--[src_cgi/myfiles_cgi.c:496]--cmd = count
[2017-12-12 23:26:46]--[src_cgi/myfiles_cgi.c:528]--buf = {
    "token": "d139882ef00b891a979bf26aef0621f3",
    "user": "kevin"
}

[2017-12-12 23:26:46]--[src_cgi/myfiles_cgi.c:176]--line = 10
[2017-12-12 23:26:46]--[src_cgi/myfiles_cgi.c:496]--cmd = normal
[2017-12-12 23:26:46]--[src_cgi/myfiles_cgi.c:528]--buf = {
    "count": 10,
    "start": 0,
    "token": "d139882ef00b891a979bf26aef0621f3",
    "user": "kevin"
}

[2017-12-12 23:26:46]--[src_cgi/myfiles_cgi.c:548]--user = kevin, token = d139882ef00b891a979bf26aef0621f3, start = 0, count = 10
[2017-12-12 23:26:46]--[src_cgi/myfiles_cgi.c:306]--select user_file_list.*, file_info.url, file_info.size, file_info.type from file_info, user_file_list where user = 'kevin' and file_info.md5 = user_file_list.md5 limit 0, 10 在操作
[2017-12-12 23:26:46]--[src_cgi/myfiles_cgi.c:428]--{
	"files":	[{
			"user":	"kevin",
			"md5":	"076e3caed758a1c18c91a0e9cae3368f",
			"time":	"2017-12-12 18:57:31",
			"filename":	"Chrysanthemum.jpg",
			"share_status":	0,
			"pv":	0,
			"url":	"http://192.168.1.222:80/group1/M00/00/00/wKgB3lowlxuATcxkAA1rIuRd3Es445.jpg",
			"size":	879394,
			"type":	"jpg"
		}, {
			"user":	"kevin",
			"md5":	"ba45c8f60456a672e003a875e469d0eb",
			"time":	"2017-12-12 18:57:32",
			"filename":	"Desert.jpg",
			"share_status":	0,
			"pv":	1,
			"url":	"http://192.168.1.222:80/group1/M00/00/00/wKgB3lowlxyAB_KpAAzodQCbVVc466.jpg",
			"size":	845941,
			"type":	"jpg"
		}, {
			"user":	"kevin",
			"md5":	"bdf3bf1da3405725be763540d6601144",
			"time":	"2017-12-12 18:57:33",
			"filename":	"Hydrangeas.jpg",
			"share_status":	0,
			"pv":	0,
			"url":	"http://192.168.1.222:80/group1/M00/00/00/wKgB3lowlx2AfhwOAAkVVGMybN8558.jpg",
			"size":	595284,
			"type":	"jpg"
		}, {
			"user":	"kevin",
			"md5":	"5a44c7ba5bbe4ec867233d67e4806848",
			"time":	"2017-12-12 18:57:35",
			"filename":	"Jellyfish.jpg",
			"share_status":	0,
			"pv":	0,
			"url":	"http://192.168.1.222:80/group1/M00/00/00/wKgB3lowlx-APXTFAAvWFkcZHjA572.jpg",
			"size":	775702,
			"type":	"jpg"
		}, {
			"user":	"kevin",
			"md5":	"2b04df3ecc1d94afddff082d139c6f15",
			"time":	"2017-12-12 18:57:36",
			"filename":	"Koala.jpg",
			"share_status":	0,
			"pv":	0,
			"url":	"http://192.168.1.222:80/group1/M00/00/00/wKgB3lowlyCAeSk_AAvqH_kipG8570.jpg",
			"size":	780831,
			"type":	"jpg"
		}, {
			"user":	"kevin",
			"md5":	"8969288f4245120e7c3870287cce0ff3",
			"time":	"2017-12-12 18:57:37",
			"filename":	"Lighthouse.jpg",
			"share_status":	0,
			"pv":	0,
			"url":	"http://192.168.1.222:80/group1/M00/00/00/wKgB3lowlyGAeYkbAAiQfKHDaaQ272.jpg",
			"size":	561276,
			"type":	"jpg"
		}, {
			"user":	"kevin",
			"md5":	"9d377b10ce778c4938b3c7e2c63a229a",
			"time":	"2017-12-12 18:57:38",
			"filename":	"Penguins.jpg",
			"share_status":	0,
			"pv":	0,
			"url":	"http://192.168.1.222:80/group1/M00/00/00/wKgB3lowlyKAbMirAAvea_OGt2M382.jpg",
			"size":	777835,
			"type":	"jpg"
		}, {
			"user":	"kevin",
			"md5":	"fafa5efeaf3cbe3b23b2748d13e629a1",
			"time":	"2017-12-12 18:57:39",
			"filename":	"Tulips.jpg",
			"share_status":	0,
			"pv":	0,
			"url":	"http://192.168.1.222:80/group1/M00/00/00/wKgB3lowlyOAXTUPAAl5WLU-YRY260.jpg",
			"size":	620888,
			"type":	"jpg"
		}, {
			"user":	"kevin",
			"md5":	"474924f9c5cef34b3b928dec8b8b91d1",
			"time":	"2017-12-12 19:20:07",
			"filename":	"YunDisk.exe",
			"share_status":	0,
			"pv":	0,
			"url":	"http://192.168.1.222:80/group1/M00/00/00/wKgB3lownGeAC3GRAA90AAWFpjM762.exe",
			"size":	1012736,
			"type":	"exe"
		}, {
			"user":	"kevin",
			"md5":	"373be91530a1a3dc731ce6df7a652639",
			"time":	"2017-12-12 19:30:05",
			"filename":	"07 Shadows.mp4",
			"share_status":	0,
			"pv":	1,
			"url":	"http://192.168.1.222:80/group1/M00/00/00/wKgB3lownryASNUCAdLQcv0GP78365.mp4",
			"size":	30593138,
			"type":	"mp4"
		}]
}
[2017-12-12 23:27:12]--[src_cgi/myfiles_cgi.c:496]--cmd = count
[2017-12-12 23:27:12]--[src_cgi/myfiles_cgi.c:528]--buf = {
    "token": "d139882ef00b891a979bf26aef0621f3",
    "user": "kevin"
}

[2017-12-12 23:27:12]--[src_cgi/myfiles_cgi.c:176]--line = 11
[2017-12-12 23:27:12]--[src_cgi/myfiles_cgi.c:496]--cmd = normal
[2017-12-12 23:27:12]--[src_cgi/myfiles_cgi.c:528]--buf = {
    "count": 10,
    "start": 0,
    "token": "d139882ef00b891a979bf26aef0621f3",
    "user": "kevin"
}

[2017-12-12 23:27:12]--[src_cgi/myfiles_cgi.c:548]--user = kevin, token = d139882ef00b891a979bf26aef0621f3, start = 0, count = 10
[2017-12-12 23:27:12]--[src_cgi/myfiles_cgi.c:306]--select user_file_list.*, file_info.url, file_info.size, file_info.type from file_info, user_file_list where user = 'kevin' and file_info.md5 = user_file_list.md5 limit 0, 10 在操作
[2017-12-12 23:27:12]--[src_cgi/myfiles_cgi.c:428]--{
	"files":	[{
			"user":	"kevin",
			"md5":	"076e3caed758a1c18c91a0e9cae3368f",
			"time":	"2017-12-12 18:57:31",
			"filename":	"Chrysanthemum.jpg",
			"share_status":	0,
			"pv":	0,
			"url":	"http://192.168.1.222:80/group1/M00/00/00/wKgB3lowlxuATcxkAA1rIuRd3Es445.jpg",
			"size":	879394,
			"type":	"jpg"
		}, {
			"user":	"kevin",
			"md5":	"ba45c8f60456a672e003a875e469d0eb",
			"time":	"2017-12-12 18:57:32",
			"filename":	"Desert.jpg",
			"share_status":	0,
			"pv":	1,
			"url":	"http://192.168.1.222:80/group1/M00/00/00/wKgB3lowlxyAB_KpAAzodQCbVVc466.jpg",
			"size":	845941,
			"type":	"jpg"
		}, {
			"user":	"kevin",
			"md5":	"bdf3bf1da3405725be763540d6601144",
			"time":	"2017-12-12 18:57:33",
			"filename":	"Hydrangeas.jpg",
			"share_status":	0,
			"pv":	0,
			"url":	"http://192.168.1.222:80/group1/M00/00/00/wKgB3lowlx2AfhwOAAkVVGMybN8558.jpg",
			"size":	595284,
			"type":	"jpg"
		}, {
			"user":	"kevin",
			"md5":	"5a44c7ba5bbe4ec867233d67e4806848",
			"time":	"2017-12-12 18:57:35",
			"filename":	"Jellyfish.jpg",
			"share_status":	0,
			"pv":	0,
			"url":	"http://192.168.1.222:80/group1/M00/00/00/wKgB3lowlx-APXTFAAvWFkcZHjA572.jpg",
			"size":	775702,
			"type":	"jpg"
		}, {
			"user":	"kevin",
			"md5":	"2b04df3ecc1d94afddff082d139c6f15",
			"time":	"2017-12-12 18:57:36",
			"filename":	"Koala.jpg",
			"share_status":	0,
			"pv":	0,
			"url":	"http://192.168.1.222:80/group1/M00/00/00/wKgB3lowlyCAeSk_AAvqH_kipG8570.jpg",
			"size":	780831,
			"type":	"jpg"
		}, {
			"user":	"kevin",
			"md5":	"8969288f4245120e7c3870287cce0ff3",
			"time":	"2017-12-12 18:57:37",
			"filename":	"Lighthouse.jpg",
			"share_status":	0,
			"pv":	0,
			"url":	"http://192.168.1.222:80/group1/M00/00/00/wKgB3lowlyGAeYkbAAiQfKHDaaQ272.jpg",
			"size":	561276,
			"type":	"jpg"
		}, {
			"user":	"kevin",
			"md5":	"9d377b10ce778c4938b3c7e2c63a229a",
			"time":	"2017-12-12 18:57:38",
			"filename":	"Penguins.jpg",
			"share_status":	0,
			"pv":	0,
			"url":	"http://192.168.1.222:80/group1/M00/00/00/wKgB3lowlyKAbMirAAvea_OGt2M382.jpg",
			"size":	777835,
			"type":	"jpg"
		}, {
			"user":	"kevin",
			"md5":	"fafa5efeaf3cbe3b23b2748d13e629a1",
			"time":	"2017-12-12 18:57:39",
			"filename":	"Tulips.jpg",
			"share_status":	0,
			"pv":	0,
			"url":	"http://192.168.1.222:80/group1/M00/00/00/wKgB3lowlyOAXTUPAAl5WLU-YRY260.jpg",
			"size":	620888,
			"type":	"jpg"
		}, {
			"user":	"kevin",
			"md5":	"474924f9c5cef34b3b928dec8b8b91d1",
			"time":	"2017-12-12 19:20:07",
			"filename":	"YunDisk.exe",
			"share_status":	0,
			"pv":	0,
			"url":	"http://192.168.1.222:80/group1/M00/00/00/wKgB3lownGeAC3GRAA90AAWFpjM762.exe",
			"size":	1012736,
			"type":	"exe"
		}, {
			"user":	"kevin",
			"md5":	"373be91530a1a3dc731ce6df7a652639",
			"time":	"2017-12-12 19:30:05",
			"filename":	"07 Shadows.mp4",
			"share_status":	0,
			"pv":	1,
			"url":	"http://192.168.1.222:80/group1/M00/00/00/wKgB3lownryASNUCAdLQcv0GP78365.mp4",
			"size":	30593138,
			"type":	"mp4"
		}]
}
[2017-12-12 23:27:13]--[src_cgi/myfiles_cgi.c:496]--cmd = normal
[2017-12-12 23:27:13]--[src_cgi/myfiles_cgi.c:528]--buf = {
    "count": 1,
    "start": 10,
    "token": "d139882ef00b891a979bf26aef0621f3",
    "user": "kevin"
}

[2017-12-12 23:27:13]--[src_cgi/myfiles_cgi.c:548]--user = kevin, token = d139882ef00b891a979bf26aef0621f3, start = 10, count = 1
[2017-12-12 23:27:13]--[src_cgi/myfiles_cgi.c:306]--select user_file_list.*, file_info.url, file_info.size, file_info.type from file_info, user_file_list where user = 'kevin' and file_info.md5 = user_file_list.md5 limit 10, 1 在操作
[2017-12-12 23:27:13]--[src_cgi/myfiles_cgi.c:428]--{
	"files":	[{
			"user":	"kevin",
			"md5":	"93a30db653ef674cee76503abaabf058",
			"time":	"2017-12-12 23:27:08",
			"filename":	"_C语言描述(中文版).pdf",
			"share_status":	0,
			"pv":	0,
			"url":	"http://192.168.1.222:80/group1/M00/00/00/wKgB3low1kyAFtH3AIsi6mzz670510.pdf",
			"size":	9118442,
			"type":	"pdf"
		}]
}
[2017-12-12 23:27:27]--[src_cgi/myfiles_cgi.c:496]--cmd = count
[2017-12-12 23:27:27]--[src_cgi/myfiles_cgi.c:528]--buf = {
    "token": "d139882ef00b891a979bf26aef0621f3",
    "user": "kevin"
}

[2017-12-12 23:27:27]--[src_cgi/myfiles_cgi.c:176]--line = 11
[2017-12-12 23:27:28]--[src_cgi/myfiles_cgi.c:496]--cmd = normal
[2017-12-12 23:27:28]--[src_cgi/myfiles_cgi.c:528]--buf = {
    "count": 10,
    "start": 0,
    "token": "d139882ef00b891a979bf26aef0621f3",
    "user": "kevin"
}

[2017-12-12 23:27:28]--[src_cgi/myfiles_cgi.c:548]--user = kevin, token = d139882ef00b891a979bf26aef0621f3, start = 0, count = 10
[2017-12-12 23:27:28]--[src_cgi/myfiles_cgi.c:306]--select user_file_list.*, file_info.url, file_info.size, file_info.type from file_info, user_file_list where user = 'kevin' and file_info.md5 = user_file_list.md5 limit 0, 10 在操作
[2017-12-12 23:27:28]--[src_cgi/myfiles_cgi.c:428]--{
	"files":	[{
			"user":	"kevin",
			"md5":	"076e3caed758a1c18c91a0e9cae3368f",
			"time":	"2017-12-12 18:57:31",
			"filename":	"Chrysanthemum.jpg",
			"share_status":	0,
			"pv":	0,
			"url":	"http://192.168.1.222:80/group1/M00/00/00/wKgB3lowlxuATcxkAA1rIuRd3Es445.jpg",
			"size":	879394,
			"type":	"jpg"
		}, {
			"user":	"kevin",
			"md5":	"ba45c8f60456a672e003a875e469d0eb",
			"time":	"2017-12-12 18:57:32",
			"filename":	"Desert.jpg",
			"share_status":	0,
			"pv":	1,
			"url":	"http://192.168.1.222:80/group1/M00/00/00/wKgB3lowlxyAB_KpAAzodQCbVVc466.jpg",
			"size":	845941,
			"type":	"jpg"
		}, {
			"user":	"kevin",
			"md5":	"bdf3bf1da3405725be763540d6601144",
			"time":	"2017-12-12 18:57:33",
			"filename":	"Hydrangeas.jpg",
			"share_status":	0,
			"pv":	0,
			"url":	"http://192.168.1.222:80/group1/M00/00/00/wKgB3lowlx2AfhwOAAkVVGMybN8558.jpg",
			"size":	595284,
			"type":	"jpg"
		}, {
			"user":	"kevin",
			"md5":	"5a44c7ba5bbe4ec867233d67e4806848",
			"time":	"2017-12-12 18:57:35",
			"filename":	"Jellyfish.jpg",
			"share_status":	0,
			"pv":	0,
			"url":	"http://192.168.1.222:80/group1/M00/00/00/wKgB3lowlx-APXTFAAvWFkcZHjA572.jpg",
			"size":	775702,
			"type":	"jpg"
		}, {
			"user":	"kevin",
			"md5":	"2b04df3ecc1d94afddff082d139c6f15",
			"time":	"2017-12-12 18:57:36",
			"filename":	"Koala.jpg",
			"share_status":	0,
			"pv":	0,
			"url":	"http://192.168.1.222:80/group1/M00/00/00/wKgB3lowlyCAeSk_AAvqH_kipG8570.jpg",
			"size":	780831,
			"type":	"jpg"
		}, {
			"user":	"kevin",
			"md5":	"8969288f4245120e7c3870287cce0ff3",
			"time":	"2017-12-12 18:57:37",
			"filename":	"Lighthouse.jpg",
			"share_status":	0,
			"pv":	0,
			"url":	"http://192.168.1.222:80/group1/M00/00/00/wKgB3lowlyGAeYkbAAiQfKHDaaQ272.jpg",
			"size":	561276,
			"type":	"jpg"
		}, {
			"user":	"kevin",
			"md5":	"9d377b10ce778c4938b3c7e2c63a229a",
			"time":	"2017-12-12 18:57:38",
			"filename":	"Penguins.jpg",
			"share_status":	0,
			"pv":	0,
			"url":	"http://192.168.1.222:80/group1/M00/00/00/wKgB3lowlyKAbMirAAvea_OGt2M382.jpg",
			"size":	777835,
			"type":	"jpg"
		}, {
			"user":	"kevin",
			"md5":	"fafa5efeaf3cbe3b23b2748d13e629a1",
			"time":	"2017-12-12 18:57:39",
			"filename":	"Tulips.jpg",
			"share_status":	0,
			"pv":	0,
			"url":	"http://192.168.1.222:80/group1/M00/00/00/wKgB3lowlyOAXTUPAAl5WLU-YRY260.jpg",
			"size":	620888,
			"type":	"jpg"
		}, {
			"user":	"kevin",
			"md5":	"474924f9c5cef34b3b928dec8b8b91d1",
			"time":	"2017-12-12 19:20:07",
			"filename":	"YunDisk.exe",
			"share_status":	0,
			"pv":	0,
			"url":	"http://192.168.1.222:80/group1/M00/00/00/wKgB3lownGeAC3GRAA90AAWFpjM762.exe",
			"size":	1012736,
			"type":	"exe"
		}, {
			"user":	"kevin",
			"md5":	"373be91530a1a3dc731ce6df7a652639",
			"time":	"2017-12-12 19:30:05",
			"filename":	"07 Shadows.mp4",
			"share_status":	0,
			"pv":	1,
			"url":	"http://192.168.1.222:80/group1/M00/00/00/wKgB3lownryASNUCAdLQcv0GP78365.mp4",
			"size":	30593138,
			"type":	"mp4"
		}]
}
[2017-12-12 23:27:28]--[src_cgi/myfiles_cgi.c:496]--cmd = normal
[2017-12-12 23:27:28]--[src_cgi/myfiles_cgi.c:528]--buf = {
    "count": 1,
    "start": 10,
    "token": "d139882ef00b891a979bf26aef0621f3",
    "user": "kevin"
}

[2017-12-12 23:27:28]--[src_cgi/myfiles_cgi.c:548]--user = kevin, token = d139882ef00b891a979bf26aef0621f3, start = 10, count = 1
[2017-12-12 23:27:28]--[src_cgi/myfiles_cgi.c:306]--select user_file_list.*, file_info.url, file_info.size, file_info.type from file_info, user_file_list where user = 'kevin' and file_info.md5 = user_file_list.md5 limit 10, 1 在操作
[2017-12-12 23:27:28]--[src_cgi/myfiles_cgi.c:428]--{
	"files":	[{
			"user":	"kevin",
			"md5":	"93a30db653ef674cee76503abaabf058",
			"time":	"2017-12-12 23:27:08",
			"filename":	"_C语言描述(中文版).pdf",
			"share_status":	0,
			"pv":	0,
			"url":	"http://192.168.1.222:80/group1/M00/00/00/wKgB3low1kyAFtH3AIsi6mzz670510.pdf",
			"size":	9118442,
			"type":	"pdf"
		}]
}
