[2023-02-17 02:59:09]--[src_cgi/login_cgi.c:288]--buf = {
    "pwd": "cf79ae6addba60ad018347359bd144d2",
    "user": "1999Zhd"
}

[2023-02-17 02:59:09]--[src_cgi/login_cgi.c:294]--user = 1999Zhd, pwd = cf79ae6addba60ad018347359bd144d2
[2023-02-17 02:59:09]--[src_cgi/login_cgi.c:101]--mysql_user = root, mysql_pwd = , mysql_db = cloud_disk
[2023-02-17 02:59:09]--[src_cgi/login_cgi.c:161]--redis:[ip=127.0.0.1,port=6379]
[2023-02-17 02:59:09]--[src_cgi/login_cgi.c:185]--tmp = 1999Zhd969427818392
[2023-02-17 02:59:09]--[src_cgi/login_cgi.c:201]--base64 = KRo/Bcy2teoXQ1bekwEeQQkLkzKpuIdX
[2023-02-17 02:59:09]--[src_cgi/login_cgi.c:303]--token = 37fd0ce68f8a1f0c578199ad0fad382c
[2023-02-17 03:00:16]--[src_cgi/login_cgi.c:288]--buf = {
    "pwd": "cf79ae6addba60ad018347359bd144d2",
    "user": "1999Zhd"
}

[2023-02-17 03:00:16]--[src_cgi/login_cgi.c:294]--user = 1999Zhd, pwd = cf79ae6addba60ad018347359bd144d2
[2023-02-17 03:00:16]--[src_cgi/login_cgi.c:101]--mysql_user = root, mysql_pwd = , mysql_db = cloud_disk
[2023-02-17 03:00:16]--[src_cgi/login_cgi.c:161]--redis:[ip=127.0.0.1,port=6379]
[2023-02-17 03:00:16]--[src_cgi/login_cgi.c:185]--tmp = 1999Zhd5854430895
[2023-02-17 03:00:16]--[src_cgi/login_cgi.c:201]--base64 = ZLOVLW6+0fr7H6XUdHL4zG+Ut+5trQL2
[2023-02-17 03:00:16]--[src_cgi/login_cgi.c:303]--token = 7bdd8698180e9468942318c2a5927f43
